---------------------------------------
Resource Usage Report for cu_top_0 

Mapping to part: ice40hx8kcb132
Cell usage:
GND             2 uses
SB_CARRY        62 uses
SB_DFF          10 uses
SB_DFFSR        52 uses
SB_GB           2 uses
VCC             2 uses
SB_LUT4         93 uses

I/O ports: 15
I/O primitives: 15
SB_GB_IO       1 use
SB_IO          14 uses

I/O Register bits:                  0
Register bits not including I/Os:   62 (0%)

@S |Mapping Summary:
Total  LUTs: 93 (1%)

Distribution of All Consumed LUTs = LUT4 
Distribution of All Consumed Luts 93 = 93 

