---------------------------------------
Resource Usage Report for cu_top_0 

Mapping to part: ice40hx8kcb132
Cell usage:
GND             2 uses
SB_CARRY        17 uses
SB_DFF          6 uses
SB_DFFESR       7 uses
SB_DFFESS       1 use
SB_DFFSR        19 uses
SB_GB           1 use
VCC             2 uses
SB_LUT4         34 uses

I/O ports: 10
I/O primitives: 10
SB_GB_IO       1 use
SB_IO          9 uses

I/O Register bits:                  0
Register bits not including I/Os:   33 (0%)

@S |Mapping Summary:
Total  LUTs: 34 (0%)

Distribution of All Consumed LUTs = LUT4 
Distribution of All Consumed Luts 34 = 34 

