* ******************************************************************************

* iCEcube Report

* Version:            2020.12.27943

* Build Date:         Dec 10 2020 17:24:17

* File Generated:     Oct 23 2022 10:02:26

* Purpose:            General info of design implementation

* Copyright (C) 2006-2010 by Lattice Semiconductor Corp. All rights reserved.

* ******************************************************************************

Synthesis/Placement Summary:
----------------------------
    Status:  Successful
    Runtime: 0 seconds

Device Info:
------------
    Device Family: iCE40
    Device:        iCE40HX8K
    Package:       CB132

Design statistics:
------------------
    FFs:                  29
    LUTs:                 44
    RAMs:                 0
    IOBs:                 12
    GBs:                  2
    PLLs:                 0
    Warm Boots:           0

Logic Resource Utilization:
---------------------------
    Total Logic Cells: 45/7680
        Combinational Logic Cells: 16       out of   7680      0.208333%
        Sequential Logic Cells:    29       out of   7680      0.377604%
        Logic Tiles:               8        out of   960       0.833333%
    Registers: 
        Logic Registers:           29       out of   7680      0.377604%
        IO Registers:              0        out of   1280      0
    Block RAMs:                    0        out of   32        0%
    Warm Boots:                    0        out of   1         0%
    Pins:
        Input Pins:                3        out of   95        3.15789%
        Output Pins:               9        out of   95        9.47368%
        InOut Pins:                0        out of   95        0%
    Global Buffers:                2        out of   8         25%
    PLLs:                          0        out of   2         0%

IO Bank Utilization:
--------------------
    Bank 3: 0        out of   24        0%
    Bank 1: 9        out of   25        36%
    Bank 0: 0        out of   24        0%
    Bank 2: 3        out of   22        13.6364%

Detailed I/O Info:
------------------
    Input Pins: 
    Pin Number  Direction  IO Standard  Pull Up  IO Bank  IO Function    Signal Name
    ----------  ---------  -----------  -------  -------  -----------    -----------
    P7          Input      SB_LVCMOS    No       2        Simple Input   clk     
    P8          Input      SB_LVCMOS    No       2        Simple Input   rst_n   
    P14         Input      SB_LVCMOS    No       1        Simple Input   usb_rx  

    Output Pins: 
    Pin Number  Direction  IO Standard  Pull Up  IO Bank  IO Function    Signal Name
    ----------  ---------  -----------  -------  -------  -----------    -----------
    J11         Output     SB_LVCMOS    No       1        Simple Output  led[0]  
    K11         Output     SB_LVCMOS    No       1        Simple Output  led[1]  
    K12         Output     SB_LVCMOS    No       1        Simple Output  led[2]  
    K14         Output     SB_LVCMOS    No       1        Simple Output  led[3]  
    L12         Output     SB_LVCMOS    No       1        Simple Output  led[4]  
    L14         Output     SB_LVCMOS    No       1        Simple Output  led[5]  
    M9          Output     SB_LVCMOS    No       2        Simple Output  usb_tx  
    M12         Output     SB_LVCMOS    No       1        Simple Output  led[6]  
    N14         Output     SB_LVCMOS    No       1        Simple Output  led[7]  

Detailed Global Buffer Info:
----------------------------
    Buffer Number  IO Bank  Driven By  Fanout  Signal Name
    -------------  -------  ---------  ------  -----------
    6              2        IO         29      clk_c_g  
    4              0                   24      N_22_g   


Router Summary:
---------------
    Status:  Successful
    Runtime: 11 seconds

Routing Resource Utilization:
-----------------------------
              Local line of tile      318 out of 146184      0.217534%
                          Span 4       15 out of  29696      0.0505119%
                         Span 12        9 out of   5632      0.159801%
                  Global network        2 out of      8      25%
      Vertical Inter-LUT Connect        4 out of   6720      0.0595238%


