---------------------------------------
Resource Usage Report for cu_top_0 

Mapping to part: ice40hx8kcb132
Cell usage:
GND             2 uses
SB_CARRY        22 uses
SB_DFF          5 uses
SB_DFFSR        24 uses
SB_GB           1 use
VCC             2 uses
SB_LUT4         37 uses

I/O ports: 12
I/O primitives: 12
SB_GB_IO       1 use
SB_IO          11 uses

I/O Register bits:                  0
Register bits not including I/Os:   29 (0%)

@S |Mapping Summary:
Total  LUTs: 37 (0%)

Distribution of All Consumed LUTs = LUT4 
Distribution of All Consumed Luts 37 = 37 

