Starting iceCube2...
Running in Lattice mode


Starting:    /home/tumo/lscc/iCEcube2.2020.12/synpbase/linux_a_64/mbin/synbatch
Install:     /home/tumo/lscc/iCEcube2.2020.12/synpbase
Hostname:    tumo-VivoBook-ASUSLaptop-E410KA-E410KA
Date:        Sun Oct 23 21:12:05 2022
Version:     L-2016.09L+ice40

Arguments:   -product synplify_pro -batch /home/tumo/fpga-workspace/serialtest/work/alchitry_syn.prj
ProductType: synplify_pro





log file: "/home/tumo/fpga-workspace/serialtest/work/alchitry_imp/cu_top_0.srr"
Running: alchitry_imp in foreground

Running alchitry_syn|alchitry_imp

Running: compile (Compile) on alchitry_syn|alchitry_imp
# Sun Oct 23 21:12:05 2022

Running: compile_flow (Compile Process) on alchitry_syn|alchitry_imp
# Sun Oct 23 21:12:05 2022

Running: compiler (Compile Input) on alchitry_syn|alchitry_imp
# Sun Oct 23 21:12:05 2022
Copied /home/tumo/fpga-workspace/serialtest/work/alchitry_imp/synwork/cu_top_0_comp.srs to /home/tumo/fpga-workspace/serialtest/work/alchitry_imp/cu_top_0.srs

compiler completed
# Sun Oct 23 21:12:07 2022

Return Code: 0
Run Time:00h:00m:02s

Running: multi_srs_gen (Multi-srs Generator) on alchitry_syn|alchitry_imp
# Sun Oct 23 21:12:07 2022

multi_srs_gen completed
# Sun Oct 23 21:12:07 2022

Return Code: 0
Run Time:00h:00m:00s
Copied /home/tumo/fpga-workspace/serialtest/work/alchitry_imp/synwork/cu_top_0_mult.srs to /home/tumo/fpga-workspace/serialtest/work/alchitry_imp/cu_top_0.srs
Complete: Compile Process on alchitry_syn|alchitry_imp

Running: premap (Pre-mapping) on alchitry_syn|alchitry_imp
# Sun Oct 23 21:12:07 2022

premap completed
# Sun Oct 23 21:12:07 2022

Return Code: 0
Run Time:00h:00m:00s
Complete: Compile on alchitry_syn|alchitry_imp

Running: map (Map) on alchitry_syn|alchitry_imp
# Sun Oct 23 21:12:07 2022
License granted for 4 parallel jobs

Running: fpga_mapper (Map & Optimize) on alchitry_syn|alchitry_imp
# Sun Oct 23 21:12:07 2022
Copied /home/tumo/fpga-workspace/serialtest/work/alchitry_imp/synwork/cu_top_0_m.srm to /home/tumo/fpga-workspace/serialtest/work/alchitry_imp/cu_top_0.srm

fpga_mapper completed with warnings
# Sun Oct 23 21:12:09 2022

Return Code: 1
Run Time:00h:00m:02s
Complete: Map on alchitry_syn|alchitry_imp
Complete: Logic Synthesis on alchitry_syn|alchitry_imp

exit status=0

exit status=0

Copyright (C) 1992-2014 Lattice Semiconductor Corporation. All rights reserved.
Child process exit with 0.
Synthesis exit by 0.

Run edifparser ...
{/home/tumo/lscc/iCEcube2.2020.12/sbt_backend/bin/linux/opt/edifparser} {/home/tumo/lscc/iCEcube2.2020.12/sbt_backend/devices/ICE40P08.dev} {/home/tumo/fpga-workspace/serialtest/work/alchitry_imp/cu_top_0.edf} {/home/tumo/fpga-workspace/serialtest/work/alchitry_imp/sbt/netlist}  -p"CB132"  {-y} {"/home/tumo/fpga-workspace/serialtest/work/constraint/merged_constraint.pcf "} {-c} --devicename  iCE40HX8K
Lattice Semiconductor Corporation  Edif Parser
Release:        2020.12.27943
Build Date:     Dec 10 2020 17:23:29

Parsing edif file: /home/tumo/fpga-workspace/serialtest/work/alchitry_imp/cu_top_0.edf...
Parsing constraint file: /home/tumo/fpga-workspace/serialtest/work/constraint/merged_constraint.pcf...
start to read sdc/scf file /home/tumo/fpga-workspace/serialtest/work/alchitry_imp/cu_top_0.scf
sdc_reader OK /home/tumo/fpga-workspace/serialtest/work/alchitry_imp/cu_top_0.scf
SB_RAM SB_RAM256x16 SB_RAM40_4K
Stored edif netlist at /home/tumo/fpga-workspace/serialtest/work/alchitry_imp/sbt/netlist/oadb-cu_top_0...
Warning: The terminal led_obuft[6]:OUTPUTENABLE is driven by default driver : GND, Disconnecting it.
Warning: The terminal led_obuft[5]:OUTPUTENABLE is driven by default driver : GND, Disconnecting it.
Warning: The terminal led_obuft[4]:OUTPUTENABLE is driven by default driver : GND, Disconnecting it.
Warning: The terminal led_obuft[3]:OUTPUTENABLE is driven by default driver : GND, Disconnecting it.
Warning: The terminal led_obuft[2]:OUTPUTENABLE is driven by default driver : GND, Disconnecting it.
Warning: The terminal sample_fifo.ram.mem_mem_0_0:RCLKE is driven by default driver : VCC, Disconnecting it.
Warning: The terminal sample_fifo.ram.mem_mem_0_1:RCLKE is driven by default driver : VCC, Disconnecting it.

write Timing Constraint to /home/tumo/fpga-workspace/serialtest/work/alchitry_imp/sbt/Temp/sbt_temp.sdc

EDIF Parser succeeded
Top module is: cu_top_0

EDF Parser run-time: 1 (sec)
/home/tumo/lscc/iCEcube2.2020.12/sbt_backend/bin/linux/opt/oaFSLockD: error while loading shared libraries: libelf.so.1: cannot open shared object file: No such file or directory

Run sbtplacer ...
{/home/tumo/lscc/iCEcube2.2020.12/sbt_backend/bin/linux/opt/sbtplacer} --des-lib {/home/tumo/fpga-workspace/serialtest/work/alchitry_imp/sbt/netlist/oadb-cu_top_0}  --outdir {/home/tumo/fpga-workspace/serialtest/work/alchitry_imp/sbt/outputs/placer} --device-file {/home/tumo/lscc/iCEcube2.2020.12/sbt_backend/devices/ICE40P08.dev} --package {CB132} --lib-file {/home/tumo/lscc/iCEcube2.2020.12/sbt_backend/devices/ice40HX8K.lib}  --sdc-file {/home/tumo/fpga-workspace/serialtest/work/alchitry_imp/sbt/Temp/sbt_temp.sdc} --out-sdc-file {/home/tumo/fpga-workspace/serialtest/work/alchitry_imp/sbt/outputs/placer/cu_top_0_pl.sdc} --deviceMarketName {iCE40HX8K}
Executing : /home/tumo/lscc/iCEcube2.2020.12/sbt_backend/bin/linux/opt/sbtplacer --des-lib /home/tumo/fpga-workspace/serialtest/work/alchitry_imp/sbt/netlist/oadb-cu_top_0 --outdir /home/tumo/fpga-workspace/serialtest/work/alchitry_imp/sbt/outputs/placer --device-file /home/tumo/lscc/iCEcube2.2020.12/sbt_backend/devices/ICE40P08.dev --package CB132 --lib-file /home/tumo/lscc/iCEcube2.2020.12/sbt_backend/devices/ice40HX8K.lib --sdc-file /home/tumo/fpga-workspace/serialtest/work/alchitry_imp/sbt/Temp/sbt_temp.sdc --out-sdc-file /home/tumo/fpga-workspace/serialtest/work/alchitry_imp/sbt/outputs/placer/cu_top_0_pl.sdc --deviceMarketName iCE40HX8K
Lattice Semiconductor Corporation  Placer
Release:        2020.12.27943
Build Date:     Dec 10 2020 17:43:13

I2004: Option and Settings Summary
=============================================================
Device file          - /home/tumo/lscc/iCEcube2.2020.12/sbt_backend/devices/ICE40P08.dev
Package              - CB132
Design database      - /home/tumo/fpga-workspace/serialtest/work/alchitry_imp/sbt/netlist/oadb-cu_top_0
SDC file             - /home/tumo/fpga-workspace/serialtest/work/alchitry_imp/sbt/Temp/sbt_temp.sdc
Output directory     - /home/tumo/fpga-workspace/serialtest/work/alchitry_imp/sbt/outputs/placer
Timing library       - /home/tumo/lscc/iCEcube2.2020.12/sbt_backend/devices/ice40HX8K.lib
Effort level         - std

I2050: Starting reading inputs for placer
=============================================================
I2100: Reading design library: /home/tumo/fpga-workspace/serialtest/work/alchitry_imp/sbt/netlist/oadb-cu_top_0/BFPGA_DESIGN_ep
I2065: Reading device file : /home/tumo/lscc/iCEcube2.2020.12/sbt_backend/devices/ICE40P08.dev
I2051: Reading of inputs for placer completed successfully

I2053: Starting placement of the design
=============================================================

Input Design Statistics
    Number of LUTs      	:	274
    Number of DFFs      	:	153
    Number of DFFs packed to IO	:	0
    Number of Carrys    	:	68
    Number of RAMs      	:	2
    Number of ROMs      	:	0
    Number of IOs       	:	16
    Number of GBIOs     	:	1
    Number of GBs       	:	3
    Number of WarmBoot  	:	0
    Number of PLLs      	:	0


Phase 1
I2077: Start design legalization

Design Legalization Statistics
    Number of feedthru LUTs inserted to legalize input of DFFs     	:	4
    Number of feedthru LUTs inserted for LUTs driving multiple DFFs	:	0
    Number of LUTs replicated for LUTs driving multiple DFFs       	:	1
    Number of feedthru LUTs inserted to legalize output of CARRYs  	:	15
    Number of feedthru LUTs inserted to legalize global signals    	:	1
    Number of feedthru CARRYs inserted to legalize input of CARRYs 	:	0
    Number of inserted LUTs to Legalize IOs with PIN_TYPE= 01xxxx  	:	0
    Number of inserted LUTs to Legalize IOs with PIN_TYPE= 10xxxx  	:	0
    Number of inserted LUTs to Legalize IOs with PIN_TYPE= 11xxxx  	:	0
    Total LUTs inserted                                            	:	21
    Total CARRYs inserted                                          	:	0


I2078: Design legalization is completed successfully
I2088: Phase 1, elapsed time : 0.0 (sec)


Phase 2
I2088: Phase 2, elapsed time : 0.0 (sec)

Phase 3

Design Statistics after Packing
    Number of LUTs      	:	296
    Number of DFFs      	:	153
    Number of DFFs packed to IO	:	0
    Number of Carrys    	:	68

Device Utilization Summary after Packing
    Sequential LogicCells
        LUT and DFF      	:	123
        LUT, DFF and CARRY	:	30
    Combinational LogicCells
        Only LUT         	:	116
        CARRY Only       	:	11
        LUT with CARRY   	:	27
    LogicCells                  :	307/7680
    PLBs                        :	43/960
    BRAMs                       :	2/32
    IOs and GBIOs               :	17/95
    PLLs                        :	0/2


I2088: Phase 3, elapsed time : 0.4 (sec)

Phase 4
I2088: Phase 4, elapsed time : 0.2 (sec)

Phase 5
I2088: Phase 5, elapsed time : 2.6 (sec)

Phase 6
I2088: Phase 6, elapsed time : 52.3 (sec)

Final Design Statistics
    Number of LUTs      	:	296
    Number of DFFs      	:	153
    Number of DFFs packed to IO	:	0
    Number of Carrys    	:	68
    Number of RAMs      	:	2
    Number of ROMs      	:	0
    Number of IOs       	:	16
    Number of GBIOs     	:	1
    Number of GBs       	:	3
    Number of WarmBoot  	:	0
    Number of PLLs      	:	0

Device Utilization Summary
    LogicCells                  :	307/7680
    PLBs                        :	70/960
    BRAMs                       :	2/32
    IOs and GBIOs               :	17/95
    PLLs                        :	0/2



#####################################################################
Placement Timing Summary

The timing summary is based on estimated routing delays after
placement. For final timing report, please carry out the timing
analysis after routing.
=====================================================================

#####################################################################
                     Clock Summary 
=====================================================================
Number of clocks: 1
Clock: clk_0 | Frequency: 137.91 MHz | Target: 100.00 MHz

=====================================================================
                     End of Clock Summary
#####################################################################

I2054: Placement of design completed successfully

I2076: Placer run-time: 55.9 sec.

/home/tumo/lscc/iCEcube2.2020.12/sbt_backend/bin/linux/opt/oaFSLockD: error while loading shared libraries: libelf.so.1: cannot open shared object file: No such file or directory
W2715: Warning for set_io Constraint: Ignoring pin assignment for inc_btn_raw, as it is not connected to any PAD

Run packer ...
{/home/tumo/lscc/iCEcube2.2020.12/sbt_backend/bin/linux/opt/packer} {/home/tumo/lscc/iCEcube2.2020.12/sbt_backend/devices/ICE40P08.dev} {/home/tumo/fpga-workspace/serialtest/work/alchitry_imp/sbt/netlist/oadb-cu_top_0} --outdir  {/home/tumo/fpga-workspace/serialtest/work/alchitry_imp/sbt/outputs/packer} --package {CB132} --basename cu_top_0   --src_sdc_file {/home/tumo/fpga-workspace/serialtest/work/alchitry_imp/sbt/outputs/placer/cu_top_0_pl.sdc} --dst_sdc_file {/home/tumo/fpga-workspace/serialtest/work/alchitry_imp/cu_top_0_pk.sdc} --translator {/home/tumo/lscc/iCEcube2.2020.12/sbt_backend/bin/sdc_translator.tcl}   --devicename {iCE40HX8K} 
Lattice Semiconductor Corporation  Packer
Release:        2020.12.27943
Build Date:     Dec 10 2020 17:24:46

Begin Packing...
initializing finish
Total HPWL cost is 1013
used logic cells: 307
Translating sdc file /home/tumo/fpga-workspace/serialtest/work/alchitry_imp/sbt/outputs/placer/cu_top_0_pl.sdc...
Translated sdc file is /home/tumo/fpga-workspace/serialtest/work/alchitry_imp/cu_top_0_pk.sdc
Packer succeeded

Packer run-time: 1 (sec)
/home/tumo/lscc/iCEcube2.2020.12/sbt_backend/bin/linux/opt/oaFSLockD: error while loading shared libraries: libelf.so.1: cannot open shared object file: No such file or directory
Ignore not existing derating file /home/tumo/fpga-workspace/serialtest/work/work_Impl/work_init.tcl

Run sbrouter ...
{/home/tumo/lscc/iCEcube2.2020.12/sbt_backend/bin/linux/opt/sbrouter} {/home/tumo/lscc/iCEcube2.2020.12/sbt_backend/devices/ICE40P08.dev} {/home/tumo/fpga-workspace/serialtest/work/alchitry_imp/sbt/netlist/oadb-cu_top_0} {/home/tumo/lscc/iCEcube2.2020.12/sbt_backend/devices/ice40HX8K.lib} {/home/tumo/fpga-workspace/serialtest/work/alchitry_imp/cu_top_0_pk.sdc}  --outdir {/home/tumo/fpga-workspace/serialtest/work/alchitry_imp/sbt/outputs/router}  --sdf_file  {/home/tumo/fpga-workspace/serialtest/work/alchitry_imp/cu_top_0_sbt.sdf}   --pin_permutation
SJRouter....
Executing : /home/tumo/lscc/iCEcube2.2020.12/sbt_backend/bin/linux/opt/sbrouter /home/tumo/lscc/iCEcube2.2020.12/sbt_backend/devices/ICE40P08.dev /home/tumo/fpga-workspace/serialtest/work/alchitry_imp/sbt/netlist/oadb-cu_top_0 /home/tumo/lscc/iCEcube2.2020.12/sbt_backend/devices/ice40HX8K.lib /home/tumo/fpga-workspace/serialtest/work/alchitry_imp/cu_top_0_pk.sdc --outdir /home/tumo/fpga-workspace/serialtest/work/alchitry_imp/sbt/outputs/router --sdf_file /home/tumo/fpga-workspace/serialtest/work/alchitry_imp/cu_top_0_sbt.sdf --pin_permutation 
Lattice Semiconductor Corporation  Router
Release:        2020.12.27943
Build Date:     Dec 10 2020 17:31:26

I1203: Reading Design cu_top_0
Read design time: 0
I1202: Reading Architecture of device iCE40HX8K
Read device time: 15
I1209: Started routing
I1223: Total Nets : 406 
I1212: Iteration  1 :    45 unrouted : 3 seconds
I1212: Iteration  2 :     2 unrouted : 1 seconds
I1212: Iteration  3 :     0 unrouted : 0 seconds
I1215: Routing is successful
Routing time: 5
I1206: Completed routing
I1204: Writing Design cu_top_0
Lib Closed
I1210: Writing routes
I1218: Exiting the router
I1224: Router run-time : 20 seconds
 total           329116K
/home/tumo/lscc/iCEcube2.2020.12/sbt_backend/bin/linux/opt/oaFSLockD: error while loading shared libraries: libelf.so.1: cannot open shared object file: No such file or directory

Run bitmap ...
{/home/tumo/lscc/iCEcube2.2020.12/sbt_backend/bin/linux/opt/bitmap}  {/home/tumo/lscc/iCEcube2.2020.12/sbt_backend/devices/ICE40P08.dev} --design {/home/tumo/fpga-workspace/serialtest/work/alchitry_imp/sbt/netlist/oadb-cu_top_0} --outdir {/home/tumo/fpga-workspace/serialtest/work/alchitry_imp/sbt/outputs/bitmap} --device_name {iCE40HX8K} --package {CB132}    --low_power on --init_ram on --init_ram_bank 1111 --warm_boot on --frequency low 
Lattice Semiconductor Corporation  Bit Stream Generator
Release:        2020.12.27943
Build Date:     Dec 10 2020 17:45:52

Bit Stream File Size: 1080760 (1M 31K 440 Bits)
Bit Stream Generator succeeded

Bitmap run-time: 1 (sec)
/home/tumo/lscc/iCEcube2.2020.12/sbt_backend/bin/linux/opt/oaFSLockD: error while loading shared libraries: libelf.so.1: cannot open shared object file: No such file or directory

Run netlister ...
{/home/tumo/lscc/iCEcube2.2020.12/sbt_backend/bin/linux/opt/netlister} --device {/home/tumo/lscc/iCEcube2.2020.12/sbt_backend/devices/ICE40P08.dev} --view rt --lib {/home/tumo/fpga-workspace/serialtest/work/alchitry_imp/sbt/netlist/oadb-cu_top_0} --verilog {/home/tumo/fpga-workspace/serialtest/work/alchitry_imp/cu_top_0_sbt.v} --vhdl {/home/tumo/fpga-workspace/serialtest/work/alchitry_imp/cu_top_0_sbt.vhd} --in-sdc-file /home/tumo/fpga-workspace/serialtest/work/alchitry_imp/cu_top_0_pk.sdc --out-sdc-file /home/tumo/fpga-workspace/serialtest/work/alchitry_imp/cu_top_0_sbt.sdc --splitio
Lattice Semiconductor Corporation  Verilog & VHDL Netlister
Release:        2020.12.27943
Build Date:     Dec 10 2020 17:46:40

Generating Verilog & VHDL netlist files ...
Writing /home/tumo/fpga-workspace/serialtest/work/alchitry_imp/cu_top_0_sbt.v
Writing /home/tumo/fpga-workspace/serialtest/work/alchitry_imp/cu_top_0_sbt.vhd
Netlister succeeded.

Netlister run-time: 3 (sec)
/home/tumo/lscc/iCEcube2.2020.12/sbt_backend/bin/linux/opt/oaFSLockD: error while loading shared libraries: libelf.so.1: cannot open shared object file: No such file or directory

Run sbtimer ...
{/home/tumo/lscc/iCEcube2.2020.12/sbt_backend/bin/linux/opt/sbtimer} --des-lib {/home/tumo/fpga-workspace/serialtest/work/alchitry_imp/sbt/netlist/oadb-cu_top_0} --lib-file {/home/tumo/lscc/iCEcube2.2020.12/sbt_backend/devices/ice40HX8K.lib} --sdc-file  {/home/tumo/fpga-workspace/serialtest/work/alchitry_imp/cu_top_0_sbt.sdc} --sdf-file {/home/tumo/fpga-workspace/serialtest/work/alchitry_imp/cu_top_0_sbt.sdf}  --report-file  {/home/tumo/fpga-workspace/serialtest/work/alchitry_imp/sbt/outputs/router/cu_top_0_timing.rpt} --device-file {/home/tumo/lscc/iCEcube2.2020.12/sbt_backend/devices/ICE40P08.dev}  --timing-summary
Executing : /home/tumo/lscc/iCEcube2.2020.12/sbt_backend/bin/linux/opt/sbtimer --des-lib /home/tumo/fpga-workspace/serialtest/work/alchitry_imp/sbt/netlist/oadb-cu_top_0 --lib-file /home/tumo/lscc/iCEcube2.2020.12/sbt_backend/devices/ice40HX8K.lib --sdc-file /home/tumo/fpga-workspace/serialtest/work/alchitry_imp/cu_top_0_sbt.sdc --sdf-file /home/tumo/fpga-workspace/serialtest/work/alchitry_imp/cu_top_0_sbt.sdf --report-file /home/tumo/fpga-workspace/serialtest/work/alchitry_imp/sbt/outputs/router/cu_top_0_timing.rpt --device-file /home/tumo/lscc/iCEcube2.2020.12/sbt_backend/devices/ICE40P08.dev --timing-summary
Lattice Semiconductor Corporation  Timer
Release:        2020.12.27943
Build Date:     Dec 10 2020 17:29:54

Timer run-time: 3 seconds
/home/tumo/lscc/iCEcube2.2020.12/sbt_backend/bin/linux/opt/oaFSLockD: error while loading shared libraries: libelf.so.1: cannot open shared object file: No such file or directory

Finished building project.
