* ******************************************************************************

* iCEcube Placer

* Version:            2020.12.27943

* Build Date:         Dec 10 2020 17:35:50

* File Generated:     Oct 23 2022 14:33:11

* Purpose:            

* Copyright (C) 2006-2010 by Lattice Semiconductor Corp. All rights reserved.

* ******************************************************************************

Executing : /home/tumo/lscc/iCEcube2.2020.12/sbt_backend/bin/linux/opt/sbtplacer --des-lib /home/tumo/fpga-workspace/dip-to-led/work/alchitry_imp/sbt/netlist/oadb-cu_top_0 --outdir /home/tumo/fpga-workspace/dip-to-led/work/alchitry_imp/sbt/outputs/placer --device-file /home/tumo/lscc/iCEcube2.2020.12/sbt_backend/devices/ICE40P08.dev --package CB132 --lib-file /home/tumo/lscc/iCEcube2.2020.12/sbt_backend/devices/ice40HX8K.lib --sdc-file /home/tumo/fpga-workspace/dip-to-led/work/alchitry_imp/sbt/Temp/sbt_temp.sdc --out-sdc-file /home/tumo/fpga-workspace/dip-to-led/work/alchitry_imp/sbt/outputs/placer/cu_top_0_pl.sdc --deviceMarketName iCE40HX8K
I2004: Option and Settings Summary
=============================================================
Device file          - /home/tumo/lscc/iCEcube2.2020.12/sbt_backend/devices/ICE40P08.dev
Package              - CB132
Design database      - /home/tumo/fpga-workspace/dip-to-led/work/alchitry_imp/sbt/netlist/oadb-cu_top_0
SDC file             - /home/tumo/fpga-workspace/dip-to-led/work/alchitry_imp/sbt/Temp/sbt_temp.sdc
Output directory     - /home/tumo/fpga-workspace/dip-to-led/work/alchitry_imp/sbt/outputs/placer
Timing library       - /home/tumo/lscc/iCEcube2.2020.12/sbt_backend/devices/ice40HX8K.lib
Effort level         - std

I2050: Starting reading inputs for placer
=============================================================
I2100: Reading design library: /home/tumo/fpga-workspace/dip-to-led/work/alchitry_imp/sbt/netlist/oadb-cu_top_0/BFPGA_DESIGN_ep
I2065: Reading device file : /home/tumo/lscc/iCEcube2.2020.12/sbt_backend/devices/ICE40P08.dev
I2051: Reading of inputs for placer completed successfully

I2053: Starting placement of the design
=============================================================
W2715: Warning for set_io Constraint: Ignoring pin assignment for clk, as it is not connected to any PAD
W2715: Warning for set_io Constraint: Ignoring pin assignment for rst_n, as it is not connected to any PAD

Input Design Statistics
    Number of LUTs      	:	0
    Number of DFFs      	:	0
    Number of DFFs packed to IO	:	0
    Number of Carrys    	:	0
    Number of RAMs      	:	0
    Number of ROMs      	:	0
    Number of IOs       	:	16
    Number of GBIOs     	:	0
    Number of GBs       	:	0
    Number of WarmBoot  	:	0
    Number of PLLs      	:	0


Phase 1
I2077: Start design legalization

Design Legalization Statistics
    Number of feedthru LUTs inserted to legalize input of DFFs     	:	0
    Number of feedthru LUTs inserted for LUTs driving multiple DFFs	:	0
    Number of LUTs replicated for LUTs driving multiple DFFs       	:	0
    Number of feedthru LUTs inserted to legalize output of CARRYs  	:	0
    Number of feedthru LUTs inserted to legalize global signals    	:	0
    Number of feedthru CARRYs inserted to legalize input of CARRYs 	:	0
    Number of inserted LUTs to Legalize IOs with PIN_TYPE= 01xxxx  	:	0
    Number of inserted LUTs to Legalize IOs with PIN_TYPE= 10xxxx  	:	0
    Number of inserted LUTs to Legalize IOs with PIN_TYPE= 11xxxx  	:	0
    Total LUTs inserted                                            	:	0
    Total CARRYs inserted                                          	:	0


I2078: Design legalization is completed successfully
I2088: Phase 1, elapsed time : 0.0 (sec)


Phase 2
I2088: Phase 2, elapsed time : 0.0 (sec)

Phase 3
W2659: No Constrained paths were found. The placer will run in non-timing driven mode.

Design Statistics after Packing
    Number of LUTs      	:	0
    Number of DFFs      	:	0
    Number of DFFs packed to IO	:	0
    Number of Carrys    	:	0

Device Utilization Summary after Packing
    Sequential LogicCells
        LUT and DFF      	:	0
        LUT, DFF and CARRY	:	0
    Combinational LogicCells
        Only LUT         	:	0
        CARRY Only       	:	0
        LUT with CARRY   	:	0
    LogicCells                  :	0/7680
    PLBs                        :	0/960
    BRAMs                       :	0/32
    IOs and GBIOs               :	16/95
    PLLs                        :	0/2


I2088: Phase 3, elapsed time : 0.2 (sec)

Phase 4
I2088: Phase 4, elapsed time : 0.2 (sec)

Phase 6
I2088: Phase 6, elapsed time : 0.0 (sec)

Final Design Statistics
    Number of LUTs      	:	0
    Number of DFFs      	:	0
    Number of DFFs packed to IO	:	0
    Number of Carrys    	:	0
    Number of RAMs      	:	0
    Number of ROMs      	:	0
    Number of IOs       	:	16
    Number of GBIOs     	:	0
    Number of GBs       	:	0
    Number of WarmBoot  	:	0
    Number of PLLs      	:	0

Device Utilization Summary
    LogicCells                  :	0/7680
    PLBs                        :	0/960
    BRAMs                       :	0/32
    IOs and GBIOs               :	16/95
    PLLs                        :	0/2


I2054: Placement of design completed successfully

I2076: Placer run-time: 0.7 sec.

