* ******************************************************************************

* iCEcube Placer

* Version:            2020.12.27943

* Build Date:         Dec 10 2020 17:35:50

* File Generated:     Oct 23 2022 10:02:14

* Purpose:            

* Copyright (C) 2006-2010 by Lattice Semiconductor Corp. All rights reserved.

* ******************************************************************************

Executing : /home/tumo/lscc/iCEcube2.2020.12/sbt_backend/bin/linux/opt/sbtplacer --des-lib /home/tumo/fpga-workspace/flash_leds/work/alchitry_imp/sbt/netlist/oadb-cu_top_0 --outdir /home/tumo/fpga-workspace/flash_leds/work/alchitry_imp/sbt/outputs/placer --device-file /home/tumo/lscc/iCEcube2.2020.12/sbt_backend/devices/ICE40P08.dev --package CB132 --lib-file /home/tumo/lscc/iCEcube2.2020.12/sbt_backend/devices/ice40HX8K.lib --sdc-file /home/tumo/fpga-workspace/flash_leds/work/alchitry_imp/sbt/Temp/sbt_temp.sdc --out-sdc-file /home/tumo/fpga-workspace/flash_leds/work/alchitry_imp/sbt/outputs/placer/cu_top_0_pl.sdc --deviceMarketName iCE40HX8K
I2004: Option and Settings Summary
=============================================================
Device file          - /home/tumo/lscc/iCEcube2.2020.12/sbt_backend/devices/ICE40P08.dev
Package              - CB132
Design database      - /home/tumo/fpga-workspace/flash_leds/work/alchitry_imp/sbt/netlist/oadb-cu_top_0
SDC file             - /home/tumo/fpga-workspace/flash_leds/work/alchitry_imp/sbt/Temp/sbt_temp.sdc
Output directory     - /home/tumo/fpga-workspace/flash_leds/work/alchitry_imp/sbt/outputs/placer
Timing library       - /home/tumo/lscc/iCEcube2.2020.12/sbt_backend/devices/ice40HX8K.lib
Effort level         - std

I2050: Starting reading inputs for placer
=============================================================
I2100: Reading design library: /home/tumo/fpga-workspace/flash_leds/work/alchitry_imp/sbt/netlist/oadb-cu_top_0/BFPGA_DESIGN_ep
I2065: Reading device file : /home/tumo/lscc/iCEcube2.2020.12/sbt_backend/devices/ICE40P08.dev
I2051: Reading of inputs for placer completed successfully

I2053: Starting placement of the design
=============================================================

Input Design Statistics
    Number of LUTs      	:	37
    Number of DFFs      	:	29
    Number of DFFs packed to IO	:	0
    Number of Carrys    	:	22
    Number of RAMs      	:	0
    Number of ROMs      	:	0
    Number of IOs       	:	11
    Number of GBIOs     	:	1
    Number of GBs       	:	1
    Number of WarmBoot  	:	0
    Number of PLLs      	:	0


Phase 1
I2077: Start design legalization

Design Legalization Statistics
    Number of feedthru LUTs inserted to legalize input of DFFs     	:	0
    Number of feedthru LUTs inserted for LUTs driving multiple DFFs	:	0
    Number of LUTs replicated for LUTs driving multiple DFFs       	:	0
    Number of feedthru LUTs inserted to legalize output of CARRYs  	:	7
    Number of feedthru LUTs inserted to legalize global signals    	:	0
    Number of feedthru CARRYs inserted to legalize input of CARRYs 	:	0
    Number of inserted LUTs to Legalize IOs with PIN_TYPE= 01xxxx  	:	0
    Number of inserted LUTs to Legalize IOs with PIN_TYPE= 10xxxx  	:	0
    Number of inserted LUTs to Legalize IOs with PIN_TYPE= 11xxxx  	:	0
    Total LUTs inserted                                            	:	7
    Total CARRYs inserted                                          	:	0


I2078: Design legalization is completed successfully
I2088: Phase 1, elapsed time : 0.0 (sec)


Phase 2
I2088: Phase 2, elapsed time : 0.0 (sec)

Phase 3

Design Statistics after Packing
    Number of LUTs      	:	44
    Number of DFFs      	:	29
    Number of DFFs packed to IO	:	0
    Number of Carrys    	:	22

Device Utilization Summary after Packing
    Sequential LogicCells
        LUT and DFF      	:	15
        LUT, DFF and CARRY	:	14
    Combinational LogicCells
        Only LUT         	:	8
        CARRY Only       	:	1
        LUT with CARRY   	:	7
    LogicCells                  :	45/7680
    PLBs                        :	7/960
    BRAMs                       :	0/32
    IOs and GBIOs               :	12/95
    PLLs                        :	0/2


I2088: Phase 3, elapsed time : 0.2 (sec)

Phase 4
I2088: Phase 4, elapsed time : 0.2 (sec)

Phase 5
I2088: Phase 5, elapsed time : 0.0 (sec)

Phase 6
I2088: Phase 6, elapsed time : 10.6 (sec)

Final Design Statistics
    Number of LUTs      	:	44
    Number of DFFs      	:	29
    Number of DFFs packed to IO	:	0
    Number of Carrys    	:	22
    Number of RAMs      	:	0
    Number of ROMs      	:	0
    Number of IOs       	:	11
    Number of GBIOs     	:	1
    Number of GBs       	:	1
    Number of WarmBoot  	:	0
    Number of PLLs      	:	0

Device Utilization Summary
    LogicCells                  :	45/7680
    PLBs                        :	8/960
    BRAMs                       :	0/32
    IOs and GBIOs               :	12/95
    PLLs                        :	0/2



#####################################################################
Placement Timing Summary

The timing summary is based on estimated routing delays after
placement. For final timing report, please carry out the timing
analysis after routing.
=====================================================================

#####################################################################
                     Clock Summary 
=====================================================================
Number of clocks: 1
Clock: clk_0 | Frequency: 164.82 MHz | Target: 100.00 MHz

=====================================================================
                     End of Clock Summary
#####################################################################

I2054: Placement of design completed successfully

I2076: Placer run-time: 11.3 sec.

